2025-02-10 16:21:51,689 - __main__ - INFO - 正在初始化Telegram机器人...
2025-02-10 16:21:51,690 - __main__ - INFO - 正在加载最新的代币信息文件: merged_token_info_analyzed_20250122_1935.xlsx
2025-02-10 16:21:51,837 - __main__ - INFO - 已加载代币信息文件，包含 184 个代币
2025-02-10 16:21:51,837 - __main__ - INFO - 已加载 1 个chat_id
2025-02-10 16:21:51,837 - __main__ - INFO - 已加载 1 个已保存的chat_id
2025-02-10 16:21:51,837 - __main__ - INFO - 正在向chat_id 7908272834 发送消息...
2025-02-10 16:21:56,846 - __main__ - ERROR - 发送消息到chat_id 7908272834 时网络错误: ('Connection aborted.', ConnectionResetError(10054, '远程主机强迫关闭了一个现有的连接。', None, 10054, None))
2025-02-10 16:21:56,846 - __main__ - ERROR - 测试消息发送失败
2025-02-10 16:21:56,846 - __main__ - INFO - 开始价格监控...
2025-02-10 16:21:56,847 - __main__ - INFO - 设置报警阈值: 1%
2025-02-10 16:21:56,847 - __main__ - INFO - 更新间隔: 15分钟
2025-02-10 16:21:56,847 - __main__ - INFO - 开始新一轮价格检查...
2025-02-10 16:21:56,847 - __main__ - INFO - 使用最新的分析文件: new_alerts_20250210_153819.csv
2025-02-10 16:21:56,851 - __main__ - INFO - 代币 DeFAI - 当前价格: 0.0068000661932786, 找到 1 个支撑位
2025-02-10 16:21:56,851 - __main__ - INFO - 找不到代币 DeFAI 的信息，跳过
2025-02-10 16:21:56,852 - __main__ - WARNING - 代币 DeFAI 缺少关键信息: 地址=None, 名称=None
2025-02-10 16:21:56,852 - __main__ - INFO - 代币 HAT - 当前价格: 0.0548029269248276, 找到 1 个支撑位
2025-02-10 16:21:56,852 - __main__ - INFO - 代币 HAT 触发价格警报 - 当前价格: 0.0548029269248276, 支撑位: 0.0547667295013834, 差距: 0.07%
2025-02-10 16:21:56,853 - __main__ - INFO - 正在向chat_id 7908272834 发送消息...
2025-02-10 16:22:01,868 - __main__ - ERROR - 发送消息到chat_id 7908272834 时网络错误: ('Connection aborted.', ConnectionResetError(10054, '远程主机强迫关闭了一个现有的连接。', None, 10054, None))
2025-02-10 16:22:01,869 - __main__ - ERROR - ❌ 警报发送失败: hat
2025-02-10 16:22:01,871 - __main__ - INFO - 代币 pippin - 当前价格: 0.189565467280009, 找到 1 个支撑位
2025-02-10 16:22:01,874 - __main__ - INFO - 代币 pippin 触发价格警报 - 当前价格: 0.189565467280009, 支撑位: 0.1887338594896828, 差距: 0.44%
2025-02-10 16:22:01,875 - __main__ - INFO - 正在向chat_id 7908272834 发送消息...
2025-02-10 16:22:06,882 - __main__ - ERROR - 发送消息到chat_id 7908272834 时网络错误: ('Connection aborted.', ConnectionResetError(10054, '远程主机强迫关闭了一个现有的连接。', None, 10054, None))
2025-02-10 16:22:06,884 - __main__ - ERROR - ❌ 警报发送失败: pippin
2025-02-10 16:22:06,886 - __main__ - INFO - 代币 Ross - 当前价格: 0.0068848028803658, 找到 1 个支撑位
2025-02-10 16:22:06,887 - __main__ - INFO - 代币 Ross 触发价格警报 - 当前价格: 0.0068848028803658, 支撑位: 0.0068489748717692, 差距: 0.52%
2025-02-10 16:22:06,887 - __main__ - INFO - 正在向chat_id 7908272834 发送消息...
2025-02-10 16:22:11,893 - __main__ - ERROR - 发送消息到chat_id 7908272834 时网络错误: ('Connection aborted.', ConnectionResetError(10054, '远程主机强迫关闭了一个现有的连接。', None, 10054, None))
2025-02-10 16:22:11,895 - __main__ - ERROR - ❌ 警报发送失败: ross
2025-02-10 16:22:11,897 - __main__ - INFO - 代币 TWRAE - 当前价格: 0.0003478348240098, 找到 1 个支撑位
2025-02-10 16:22:11,900 - __main__ - INFO - 找不到代币 TWRAE 的信息，跳过
2025-02-10 16:22:11,901 - __main__ - WARNING - 代币 TWRAE 缺少关键信息: 地址=None, 名称=None
2025-02-10 16:22:11,903 - __main__ - INFO - 代币 WAVE - 当前价格: 0.0143337078237808, 找到 1 个支撑位
2025-02-10 16:22:11,906 - __main__ - INFO - 代币 WAVE 触发价格警报 - 当前价格: 0.0143337078237808, 支撑位: 0.014220533493621, 差距: 0.80%
2025-02-10 16:22:11,907 - __main__ - INFO - 正在向chat_id 7908272834 发送消息...
2025-02-10 16:22:16,926 - __main__ - ERROR - 发送消息到chat_id 7908272834 时网络错误: ('Connection aborted.', ConnectionResetError(10054, '远程主机强迫关闭了一个现有的连接。', None, 10054, None))
2025-02-10 16:22:16,927 - __main__ - ERROR - ❌ 警报发送失败: wave
2025-02-10 16:22:16,928 - __main__ - INFO - 本轮检查完成，共检查 6 个代币，处理 6 个提醒
2025-02-10 16:23:50,405 - __main__ - INFO - 正在初始化Telegram机器人...
2025-02-10 16:23:50,406 - __main__ - INFO - 正在加载最新的代币信息文件: merged_token_info_analyzed_20250122_1935.xlsx
2025-02-10 16:23:50,535 - __main__ - INFO - 已加载代币信息文件，包含 184 个代币
2025-02-10 16:23:50,535 - __main__ - INFO - 已加载 2 个chat_id
2025-02-10 16:23:50,536 - __main__ - INFO - 已加载 2 个已保存的chat_id
2025-02-10 16:23:50,536 - __main__ - INFO - 正在向chat_id 7908272834 发送消息... (尝试 1/3)
2025-02-10 16:23:55,678 - __main__ - INFO - 消息成功发送到chat_id 7908272834
2025-02-10 16:23:55,678 - __main__ - INFO - 正在向chat_id 838091602 发送消息... (尝试 1/3)
2025-02-10 16:23:57,194 - __main__ - INFO - 消息成功发送到chat_id 838091602
2025-02-10 16:23:57,195 - __main__ - INFO - 测试消息发送成功
2025-02-10 16:23:57,195 - __main__ - INFO - 开始价格监控...
2025-02-10 16:23:57,195 - __main__ - INFO - 设置报警阈值: 1%
2025-02-10 16:23:57,195 - __main__ - INFO - 更新间隔: 15分钟
2025-02-10 16:23:57,195 - __main__ - INFO - 开始新一轮价格检查...
2025-02-10 16:23:57,196 - __main__ - INFO - 使用最新的分析文件: new_alerts_20250210_153819.csv
2025-02-10 16:23:57,200 - __main__ - INFO - 代币 DeFAI - 当前价格: 0.0068000661932786, 找到 1 个支撑位
2025-02-10 16:23:57,201 - __main__ - INFO - 找不到代币 DeFAI 的信息，跳过
2025-02-10 16:23:57,201 - __main__ - WARNING - 代币 DeFAI 缺少关键信息: 地址=None, 名称=None
2025-02-10 16:23:57,202 - __main__ - INFO - 代币 HAT - 当前价格: 0.0548029269248276, 找到 1 个支撑位
2025-02-10 16:23:57,202 - __main__ - INFO - 代币 HAT 触发价格警报 - 当前价格: 0.0548029269248276, 支撑位: 0.0547667295013834, 差距: 0.07%
2025-02-10 16:23:57,202 - __main__ - INFO - 正在向chat_id 7908272834 发送消息... (尝试 1/3)
2025-02-10 16:23:58,631 - __main__ - INFO - 消息成功发送到chat_id 7908272834
2025-02-10 16:23:58,631 - __main__ - INFO - 正在向chat_id 838091602 发送消息... (尝试 1/3)
2025-02-10 16:24:00,989 - __main__ - INFO - 消息成功发送到chat_id 838091602
2025-02-10 16:24:01,013 - __main__ - INFO - 报警记录已保存到: c:\Users\Admin\Desktop\crypto_monitor_full\data\alert_history.xlsx
2025-02-10 16:24:01,013 - __main__ - INFO - 代币 pippin - 当前价格: 0.189565467280009, 找到 1 个支撑位
2025-02-10 16:24:01,014 - __main__ - INFO - 代币 pippin 触发价格警报 - 当前价格: 0.189565467280009, 支撑位: 0.1887338594896828, 差距: 0.44%
2025-02-10 16:24:01,014 - __main__ - INFO - 正在向chat_id 7908272834 发送消息... (尝试 1/3)
2025-02-10 16:24:02,243 - __main__ - INFO - 消息成功发送到chat_id 7908272834
2025-02-10 16:24:02,245 - __main__ - INFO - 正在向chat_id 838091602 发送消息... (尝试 1/3)
2025-02-10 16:24:04,480 - __main__ - INFO - 消息成功发送到chat_id 838091602
2025-02-10 16:24:04,513 - __main__ - INFO - 报警记录已保存到: c:\Users\Admin\Desktop\crypto_monitor_full\data\alert_history.xlsx
2025-02-10 16:24:04,514 - __main__ - INFO - 代币 Ross - 当前价格: 0.0068848028803658, 找到 1 个支撑位
2025-02-10 16:24:04,514 - __main__ - INFO - 代币 Ross 触发价格警报 - 当前价格: 0.0068848028803658, 支撑位: 0.0068489748717692, 差距: 0.52%
2025-02-10 16:24:04,514 - __main__ - INFO - 正在向chat_id 7908272834 发送消息... (尝试 1/3)
2025-02-10 16:24:09,528 - __main__ - ERROR - 发送消息到chat_id 7908272834 时网络错误 (尝试 1/3): ('Connection aborted.', ConnectionResetError(10054, '远程主机强迫关闭了一个现有的连接。', None, 10054, None))
2025-02-10 16:24:09,529 - __main__ - INFO - 等待 2 秒后重试...
2025-02-10 16:24:11,530 - __main__ - INFO - 正在向chat_id 7908272834 发送消息... (尝试 2/3)
2025-02-10 16:24:16,556 - __main__ - ERROR - 发送消息到chat_id 7908272834 时网络错误 (尝试 2/3): ('Connection aborted.', ConnectionResetError(10054, '远程主机强迫关闭了一个现有的连接。', None, 10054, None))
2025-02-10 16:24:16,556 - __main__ - INFO - 等待 4 秒后重试...
2025-02-10 16:24:20,558 - __main__ - INFO - 正在向chat_id 7908272834 发送消息... (尝试 3/3)
2025-02-10 16:24:53,945 - __main__ - INFO - 正在初始化Telegram机器人...
2025-02-10 16:24:53,945 - __main__ - INFO - 正在加载最新的代币信息文件: merged_token_info_analyzed_20250122_1935.xlsx
2025-02-10 16:24:54,075 - __main__ - INFO - 已加载代币信息文件，包含 184 个代币
2025-02-10 16:24:54,076 - __main__ - INFO - 已加载 1 个chat_id
2025-02-10 16:24:54,076 - __main__ - INFO - 已加载 1 个已保存的chat_id
2025-02-10 16:24:54,076 - __main__ - INFO - 正在向chat_id 7908272834 发送消息...
2025-02-10 16:24:55,373 - __main__ - INFO - 消息成功发送到chat_id 7908272834
2025-02-10 16:24:55,374 - __main__ - INFO - 测试消息发送成功
2025-02-10 16:24:55,375 - __main__ - INFO - 开始价格监控...
2025-02-10 16:24:55,375 - __main__ - INFO - 设置报警阈值: 1%
2025-02-10 16:24:55,377 - __main__ - INFO - 更新间隔: 15分钟
2025-02-10 16:24:55,377 - __main__ - INFO - 开始新一轮价格检查...
2025-02-10 16:24:55,380 - __main__ - INFO - 使用最新的分析文件: new_alerts_20250210_153819.csv
2025-02-10 16:24:55,387 - __main__ - INFO - 代币 DeFAI - 当前价格: 0.0068000661932786, 找到 1 个支撑位
2025-02-10 16:24:55,388 - __main__ - INFO - 找不到代币 DeFAI 的信息，跳过
2025-02-10 16:24:55,388 - __main__ - WARNING - 代币 DeFAI 缺少关键信息: 地址=None, 名称=None
2025-02-10 16:24:55,389 - __main__ - INFO - 代币 HAT - 当前价格: 0.0548029269248276, 找到 1 个支撑位
2025-02-10 16:24:55,389 - __main__ - INFO - 代币 HAT 触发价格警报 - 当前价格: 0.0548029269248276, 支撑位: 0.0547667295013834, 差距: 0.07%
2025-02-10 16:24:55,389 - __main__ - INFO - 正在向chat_id 7908272834 发送消息...
2025-02-10 16:24:56,699 - __main__ - INFO - 消息成功发送到chat_id 7908272834
2025-02-10 16:24:56,719 - __main__ - INFO - 报警记录已保存到: c:\Users\Admin\Desktop\crypto_monitor_full\data\alert_history.xlsx
2025-02-10 16:24:56,720 - __main__ - INFO - 代币 pippin - 当前价格: 0.189565467280009, 找到 1 个支撑位
2025-02-10 16:24:56,721 - __main__ - INFO - 代币 pippin 触发价格警报 - 当前价格: 0.189565467280009, 支撑位: 0.1887338594896828, 差距: 0.44%
2025-02-10 16:24:56,721 - __main__ - INFO - 正在向chat_id 7908272834 发送消息...
2025-02-10 16:24:58,025 - __main__ - INFO - 消息成功发送到chat_id 7908272834
2025-02-10 16:24:58,063 - __main__ - INFO - 报警记录已保存到: c:\Users\Admin\Desktop\crypto_monitor_full\data\alert_history.xlsx
2025-02-10 16:24:58,064 - __main__ - INFO - 代币 Ross - 当前价格: 0.0068848028803658, 找到 1 个支撑位
2025-02-10 16:24:58,064 - __main__ - INFO - 代币 Ross 触发价格警报 - 当前价格: 0.0068848028803658, 支撑位: 0.0068489748717692, 差距: 0.52%
2025-02-10 16:24:58,064 - __main__ - INFO - 正在向chat_id 7908272834 发送消息...
2025-02-10 16:25:00,401 - __main__ - INFO - 消息成功发送到chat_id 7908272834
2025-02-10 16:25:00,420 - __main__ - INFO - 报警记录已保存到: c:\Users\Admin\Desktop\crypto_monitor_full\data\alert_history.xlsx
2025-02-10 16:25:00,420 - __main__ - INFO - 代币 TWRAE - 当前价格: 0.0003478348240098, 找到 1 个支撑位
2025-02-10 16:25:00,421 - __main__ - INFO - 找不到代币 TWRAE 的信息，跳过
2025-02-10 16:25:00,421 - __main__ - WARNING - 代币 TWRAE 缺少关键信息: 地址=None, 名称=None
2025-02-10 16:25:00,421 - __main__ - INFO - 代币 WAVE - 当前价格: 0.0143337078237808, 找到 1 个支撑位
2025-02-10 16:25:00,422 - __main__ - INFO - 代币 WAVE 触发价格警报 - 当前价格: 0.0143337078237808, 支撑位: 0.014220533493621, 差距: 0.80%
2025-02-10 16:25:00,422 - __main__ - INFO - 正在向chat_id 7908272834 发送消息...
2025-02-10 16:25:01,760 - __main__ - INFO - 消息成功发送到chat_id 7908272834
2025-02-10 16:25:01,778 - __main__ - INFO - 报警记录已保存到: c:\Users\Admin\Desktop\crypto_monitor_full\data\alert_history.xlsx
2025-02-10 16:25:01,778 - __main__ - INFO - 本轮检查完成，共检查 6 个代币，处理 6 个提醒
2025-02-10 16:40:01,789 - __main__ - INFO - 开始新一轮价格检查...
2025-02-10 16:40:01,791 - __main__ - INFO - 使用最新的分析文件: new_alerts_20250210_153819.csv
2025-02-10 16:40:01,794 - __main__ - INFO - 代币 DeFAI - 当前价格: 0.0068000661932786, 找到 1 个支撑位
2025-02-10 16:40:01,796 - __main__ - INFO - 找不到代币 DeFAI 的信息，跳过
2025-02-10 16:40:01,796 - __main__ - WARNING - 代币 DeFAI 缺少关键信息: 地址=None, 名称=None
2025-02-10 16:40:01,797 - __main__ - INFO - 代币 HAT - 当前价格: 0.0548029269248276, 找到 1 个支撑位
2025-02-10 16:40:01,797 - __main__ - INFO - 代币 HAT 在4小时内已经发送过警报，距离上次警报: 0.25小时
2025-02-10 16:40:01,797 - __main__ - INFO - 代币 pippin - 当前价格: 0.189565467280009, 找到 1 个支撑位
2025-02-10 16:40:01,798 - __main__ - INFO - 代币 pippin 在4小时内已经发送过警报，距离上次警报: 0.25小时
2025-02-10 16:40:01,798 - __main__ - INFO - 代币 Ross - 当前价格: 0.0068848028803658, 找到 1 个支撑位
2025-02-10 16:40:01,799 - __main__ - INFO - 代币 Ross 在4小时内已经发送过警报，距离上次警报: 0.25小时
2025-02-10 16:40:01,799 - __main__ - INFO - 代币 TWRAE - 当前价格: 0.0003478348240098, 找到 1 个支撑位
2025-02-10 16:40:01,799 - __main__ - INFO - 找不到代币 TWRAE 的信息，跳过
2025-02-10 16:40:01,799 - __main__ - WARNING - 代币 TWRAE 缺少关键信息: 地址=None, 名称=None
2025-02-10 16:40:01,800 - __main__ - INFO - 代币 WAVE - 当前价格: 0.0143337078237808, 找到 1 个支撑位
2025-02-10 16:40:01,800 - __main__ - INFO - 代币 WAVE 在4小时内已经发送过警报，距离上次警报: 0.25小时
2025-02-10 16:40:01,800 - __main__ - INFO - 本轮检查完成，共检查 6 个代币，处理 6 个提醒
2025-02-10 16:55:01,805 - __main__ - INFO - 开始新一轮价格检查...
2025-02-10 16:55:01,808 - __main__ - INFO - 使用最新的分析文件: new_alerts_20250210_153819.csv
2025-02-10 16:55:01,809 - __main__ - INFO - 代币 DeFAI - 当前价格: 0.0068000661932786, 找到 1 个支撑位
2025-02-10 16:55:01,810 - __main__ - INFO - 找不到代币 DeFAI 的信息，跳过
2025-02-10 16:55:01,810 - __main__ - WARNING - 代币 DeFAI 缺少关键信息: 地址=None, 名称=None
2025-02-10 16:55:01,811 - __main__ - INFO - 代币 HAT - 当前价格: 0.0548029269248276, 找到 1 个支撑位
2025-02-10 16:55:01,811 - __main__ - INFO - 代币 HAT 在4小时内已经发送过警报，距离上次警报: 0.50小时
2025-02-10 16:55:01,811 - __main__ - INFO - 代币 pippin - 当前价格: 0.189565467280009, 找到 1 个支撑位
2025-02-10 16:55:01,812 - __main__ - INFO - 代币 pippin 在4小时内已经发送过警报，距离上次警报: 0.50小时
2025-02-10 16:55:01,812 - __main__ - INFO - 代币 Ross - 当前价格: 0.0068848028803658, 找到 1 个支撑位
2025-02-10 16:55:01,812 - __main__ - INFO - 代币 Ross 在4小时内已经发送过警报，距离上次警报: 0.50小时
2025-02-10 16:55:01,814 - __main__ - INFO - 代币 TWRAE - 当前价格: 0.0003478348240098, 找到 1 个支撑位
2025-02-10 16:55:01,814 - __main__ - INFO - 找不到代币 TWRAE 的信息，跳过
2025-02-10 16:55:01,814 - __main__ - WARNING - 代币 TWRAE 缺少关键信息: 地址=None, 名称=None
2025-02-10 16:55:01,814 - __main__ - INFO - 代币 WAVE - 当前价格: 0.0143337078237808, 找到 1 个支撑位
2025-02-10 16:55:01,815 - __main__ - INFO - 代币 WAVE 在4小时内已经发送过警报，距离上次警报: 0.50小时
2025-02-10 16:55:01,815 - __main__ - INFO - 本轮检查完成，共检查 6 个代币，处理 6 个提醒
2025-02-10 17:10:01,829 - __main__ - INFO - 开始新一轮价格检查...
2025-02-10 17:10:01,831 - __main__ - INFO - 使用最新的分析文件: new_alerts_20250210_153819.csv
2025-02-10 17:10:01,833 - __main__ - INFO - 代币 DeFAI - 当前价格: 0.0068000661932786, 找到 1 个支撑位
2025-02-10 17:10:01,834 - __main__ - INFO - 找不到代币 DeFAI 的信息，跳过
2025-02-10 17:10:01,834 - __main__ - WARNING - 代币 DeFAI 缺少关键信息: 地址=None, 名称=None
2025-02-10 17:10:01,835 - __main__ - INFO - 代币 HAT - 当前价格: 0.0548029269248276, 找到 1 个支撑位
2025-02-10 17:10:01,836 - __main__ - INFO - 代币 HAT 在4小时内已经发送过警报，距离上次警报: 0.75小时
2025-02-10 17:10:01,836 - __main__ - INFO - 代币 pippin - 当前价格: 0.189565467280009, 找到 1 个支撑位
2025-02-10 17:10:01,837 - __main__ - INFO - 代币 pippin 在4小时内已经发送过警报，距离上次警报: 0.75小时
2025-02-10 17:10:01,837 - __main__ - INFO - 代币 Ross - 当前价格: 0.0068848028803658, 找到 1 个支撑位
2025-02-10 17:10:01,837 - __main__ - INFO - 代币 Ross 在4小时内已经发送过警报，距离上次警报: 0.75小时
2025-02-10 17:10:01,838 - __main__ - INFO - 代币 TWRAE - 当前价格: 0.0003478348240098, 找到 1 个支撑位
2025-02-10 17:10:01,838 - __main__ - INFO - 找不到代币 TWRAE 的信息，跳过
2025-02-10 17:10:01,838 - __main__ - WARNING - 代币 TWRAE 缺少关键信息: 地址=None, 名称=None
2025-02-10 17:10:01,838 - __main__ - INFO - 代币 WAVE - 当前价格: 0.0143337078237808, 找到 1 个支撑位
2025-02-10 17:10:01,839 - __main__ - INFO - 代币 WAVE 在4小时内已经发送过警报，距离上次警报: 0.75小时
2025-02-10 17:10:01,839 - __main__ - INFO - 本轮检查完成，共检查 6 个代币，处理 6 个提醒
