2025-01-22 01:04:09,471 [INFO] 系统默认编码: utf-8
2025-01-22 01:04:09,471 [INFO] 文件系统编码: utf-8
2025-01-22 01:04:09,471 [INFO] 本地编码: cp936
2025-01-22 01:04:09,473 [INFO] 价格分析调度程序启动
2025-01-22 01:04:12,272 [INFO] Telegram价格监控已启动
2025-01-22 01:04:12,272 [INFO] 价格分析调度程序启动
2025-01-22 01:04:12,273 [INFO] 开始价格分析循环
2025-01-22 01:10:54,544 [INFO] 系统默认编码: utf-8
2025-01-22 01:10:54,544 [INFO] 文件系统编码: utf-8
2025-01-22 01:10:54,545 [INFO] 本地编码: cp936
2025-01-22 01:10:54,545 [INFO] 价格分析调度程序启动
2025-01-22 01:10:57,337 [INFO] Telegram价格监控已启动
2025-01-22 01:10:57,338 [INFO] 价格分析调度程序启动
2025-01-22 01:10:57,338 [INFO] 开始价格分析循环
2025-01-22 01:11:37,344 [INFO] 系统默认编码: utf-8
2025-01-22 01:11:37,344 [INFO] 文件系统编码: utf-8
2025-01-22 01:11:37,344 [INFO] 本地编码: cp936
2025-01-22 01:11:37,345 [INFO] 价格分析调度程序启动
2025-01-22 01:11:40,239 [INFO] Telegram价格监控已启动
2025-01-22 01:11:40,240 [INFO] 价格分析调度程序启动
2025-01-22 01:11:40,240 [INFO] 开始价格分析循环
2025-01-22 01:29:00,193 [INFO] 系统默认编码: utf-8
2025-01-22 01:29:00,193 [INFO] 文件系统编码: utf-8
2025-01-22 01:29:00,193 [INFO] 本地编码: cp936
2025-01-22 01:29:00,194 [INFO] 价格分析调度程序启动
2025-01-22 01:29:03,137 [INFO] Telegram价格监控已启动
2025-01-22 01:29:03,137 [INFO] 价格分析调度程序启动
2025-01-22 01:29:03,138 [INFO] 开始价格分析循环
2025-01-22 01:44:41,602 [INFO] 系统默认编码: utf-8
2025-01-22 01:44:41,602 [INFO] 文件系统编码: utf-8
2025-01-22 01:44:41,602 [INFO] 本地编码: cp936
2025-01-22 01:44:41,603 [INFO] 价格分析调度程序启动
2025-01-22 01:44:44,951 [INFO] Telegram价格监控已启动
2025-01-22 01:44:44,952 [INFO] 价格分析调度程序启动
2025-01-22 01:44:44,952 [INFO] 开始价格分析循环
2025-01-22 01:56:11,345 [INFO] 系统默认编码: utf-8
2025-01-22 01:56:11,345 [INFO] 文件系统编码: utf-8
2025-01-22 01:56:11,345 [INFO] 本地编码: cp936
2025-01-22 01:56:11,347 [INFO] 价格分析调度程序启动
2025-01-22 01:56:14,066 [INFO] Telegram价格监控已启动
2025-01-22 01:56:14,067 [INFO] 价格分析调度程序启动
2025-01-22 01:56:14,068 [INFO] 开始价格分析循环
2025-01-22 02:04:05,024 [INFO] 系统默认编码: utf-8
2025-01-22 02:04:05,024 [INFO] 文件系统编码: utf-8
2025-01-22 02:04:05,024 [INFO] 本地编码: cp936
2025-01-22 02:04:05,024 [INFO] 价格分析调度程序启动
2025-01-22 02:04:07,744 [INFO] Telegram价格监控已启动
2025-01-22 02:04:07,744 [INFO] 价格分析调度程序启动
2025-01-22 02:04:07,744 [INFO] 开始价格分析循环
